<?xml version="1.0" encoding="UTF-8"?>
<!-- Generated by org.testng.reporters.JUnitReportReporter -->
<testsuite hostname="MSI" failures="0" tests="1" name="com.insuranceProject.testCases.TC_LoginTest_002" time="9.629" errors="0" timestamp="2021-04-27T13:35:03 CDT" skipped="0">
  <testcase classname="com.insuranceProject.testCases.TC_LoginTest_002" name="loginTest" time="9.629"/>
  <system-out/>
</testsuite> <!-- com.insuranceProject.testCases.TC_LoginTest_002 -->
