<?xml version="1.0" encoding="UTF-8"?>
<!-- Generated by org.testng.reporters.JUnitReportReporter -->
<testsuite hostname="MSI" failures="0" tests="1" name="com.insuranceProject.testCases.TC_RegisterTest_001" time="27.108" errors="0" timestamp="2021-04-27T12:41:39 CDT" skipped="0">
  <testcase classname="com.insuranceProject.testCases.TC_RegisterTest_001" name="RegisterTest" time="27.108"/>
  <system-out/>
</testsuite> <!-- com.insuranceProject.testCases.TC_RegisterTest_001 -->
